GROUP,PACKAGE,CLASS,INSTRUCTION_MISSED,INSTRUCTION_COVERED,BRANCH_MISSED,BRANCH_COVERED,LINE_MISSED,LINE_COVERED,COMPLEXITY_MISSED,COMPLEXITY_COVERED,METHOD_MISSED,METHOD_COVERED
sauceproject,com.saucetest,LoadData,0,45,0,0,0,9,0,2,0,2
sauceproject,com.saucetest,WebDriverFactory,50,27,6,2,14,7,7,1,2,1
sauceproject,com.saucetest,SelectProducts,0,21,0,0,0,7,0,2,0,2
sauceproject,com.saucetest,BasePage,9,56,0,0,3,18,2,6,2,6
sauceproject,com.saucetest,LoginPage,0,34,0,0,0,9,0,3,0,3
sauceproject,com.utils,CsvDataProvider,14,29,0,2,4,5,2,2,2,1
sauceproject,com.utils,ConfigReader,17,27,1,1,3,8,1,2,0,2
sauceproject,com.utils,ReadCsv,34,30,2,4,8,7,4,2,2,1
