<?xml version="1.0" encoding="UTF-8"?>
<testsuite xmlns:xsi="http://www.w3.org/2001/XMLSchema-instance" xsi:noNamespaceSchemaLocation="https://maven.apache.org/surefire/maven-surefire-plugin/xsd/surefire-test-report-3.0.xsd" version="3.0" name="TestSuite" time="25.424" tests="1" errors="0" skipped="0" failures="0">
  <properties>
[...]
</properties>
  <testcase name="testApp" classname="com.saucetest.SauceTest" time="15.793">
    <system-out><![CDATA[19:57:19.685 [main] DEBUG org.testng.TestNG -- suiteXmlPath: "C:\Users\Gerardo\Desktop\sauceproject\src\test\resources\testng.xml"
]]></system-out>
    <system-err><![CDATA[SLF4J(I): Connected with provider of type [ch.qos.logback.classic.spi.LogbackServiceProvider]
]]></system-err>
  </testcase>
</testsuite>